TN:
SF:src/index.ts
FN:4,(anonymous_1)
FNF:1
FNH:1
FNDA:2,(anonymous_1)
DA:2,1
DA:4,2
DA:5,2
DA:6,2
DA:8,1
LF:5
LH:5
BRF:0
BRH:0
end_of_record
TN:
SF:src/index.tsx
FN:8,(anonymous_0)
FN:22,(anonymous_1)
FNF:2
FNH:0
FNDA:0,(anonymous_0)
FNDA:0,(anonymous_1)
DA:6,0
DA:8,0
DA:9,0
DA:11,0
DA:22,0
DA:23,0
DA:25,0
DA:27,0
LF:8
LH:0
BRDA:15,0,0,0
BRDA:15,0,1,0
BRDA:15,1,0,0
BRDA:15,1,1,0
BRDA:15,2,0,0
BRDA:15,2,1,0
BRDA:16,3,0,0
BRDA:16,3,1,0
BRDA:16,4,0,0
BRDA:16,4,1,0
BRDA:16,5,0,0
BRDA:16,5,1,0
BRDA:23,6,0,0
BRDA:23,6,1,0
BRF:14
BRH:0
end_of_record
TN:
SF:src/ml/models/mlModel.ts
FN:19,(anonymous_5)
FN:35,(anonymous_6)
FN:54,(anonymous_7)
FN:15,(anonymous_8)
FNF:4
FNH:4
FNDA:21,(anonymous_5)
FNDA:5,(anonymous_6)
FNDA:5,(anonymous_7)
FNDA:21,(anonymous_8)
DA:2,3
DA:12,21
DA:13,21
DA:16,21
DA:20,21
DA:23,21
DA:31,0
DA:36,5
DA:51,5
DA:55,5
DA:56,0
DA:57,0
DA:60,5
DA:61,5
DA:62,5
DA:63,5
DA:64,5
DA:66,5
DA:67,5
DA:69,5
DA:71,0
DA:72,0
LF:22
LH:17
BRDA:38,0,0,5
BRDA:38,0,1,0
BRDA:41,1,0,5
BRDA:41,1,1,4
BRDA:42,2,0,5
BRDA:42,2,1,4
BRDA:45,3,0,0
BRDA:45,3,1,5
BRDA:48,4,0,3
BRDA:48,4,1,2
BRDA:55,5,0,0
BRF:11
BRH:8
end_of_record
TN:
SF:src/ml/models/transactionModel.ts
FN:32,(anonymous_1)
FN:42,(anonymous_2)
FN:51,(anonymous_3)
FN:57,(anonymous_4)
FN:68,(anonymous_5)
FN:72,(anonymous_6)
FN:105,(anonymous_7)
FN:117,(anonymous_8)
FN:124,(anonymous_9)
FN:125,(anonymous_10)
FN:126,(anonymous_11)
FN:26,(anonymous_12)
FNF:12
FNH:0
FNDA:0,(anonymous_1)
FNDA:0,(anonymous_2)
FNDA:0,(anonymous_3)
FNDA:0,(anonymous_4)
FNDA:0,(anonymous_5)
FNDA:0,(anonymous_6)
FNDA:0,(anonymous_7)
FNDA:0,(anonymous_8)
FNDA:0,(anonymous_9)
FNDA:0,(anonymous_10)
FNDA:0,(anonymous_11)
FNDA:0,(anonymous_12)
DA:5,0
DA:23,0
DA:24,0
DA:27,0
DA:28,0
DA:29,0
DA:34,0
DA:35,0
DA:36,0
DA:37,0
DA:39,0
DA:43,0
DA:45,0
DA:47,0
DA:52,0
DA:53,0
DA:54,0
DA:58,0
DA:69,0
DA:73,0
DA:74,0
DA:76,0
DA:77,0
DA:78,0
DA:79,0
DA:82,0
DA:83,0
DA:84,0
DA:87,0
DA:88,0
DA:89,0
DA:90,0
DA:93,0
DA:94,0
DA:95,0
DA:98,0
DA:106,0
DA:114,0
DA:118,0
DA:119,0
DA:120,0
DA:121,0
DA:125,0
DA:126,0
DA:128,0
DA:131,0
LF:46
LH:0
BRDA:45,0,0,0
BRDA:45,0,1,0
BRDA:59,1,0,0
BRDA:59,1,1,0
BRDA:59,2,0,0
BRDA:59,2,1,0
BRDA:59,3,0,0
BRDA:59,3,1,0
BRDA:60,4,0,0
BRDA:60,4,1,0
BRDA:60,5,0,0
BRDA:60,5,1,0
BRDA:60,6,0,0
BRDA:60,6,1,0
BRDA:61,7,0,0
BRDA:61,7,1,0
BRDA:61,8,0,0
BRDA:61,8,1,0
BRDA:61,9,0,0
BRDA:61,9,1,0
BRDA:62,10,0,0
BRDA:62,10,1,0
BRDA:63,11,0,0
BRDA:63,11,1,0
BRDA:63,12,0,0
BRDA:63,12,1,0
BRDA:63,13,0,0
BRDA:63,13,1,0
BRDA:64,14,0,0
BRDA:64,14,1,0
BRDA:64,15,0,0
BRDA:64,15,1,0
BRDA:64,16,0,0
BRDA:64,16,1,0
BRDA:69,17,0,0
BRDA:69,17,1,0
BRDA:77,18,0,0
BRDA:82,19,0,0
BRDA:88,20,0,0
BRDA:93,21,0,0
BRDA:118,22,0,0
BRDA:119,23,0,0
BRDA:120,24,0,0
BRDA:131,25,0,0
BRDA:131,25,1,0
BRDA:27,26,0,0
BRDA:27,26,1,0
BRF:47
BRH:0
end_of_record
TN:
SF:src/ml/training/trainModel.ts
FN:21,(anonymous_1)
FN:45,(anonymous_2)
FN:56,(anonymous_3)
FN:87,(anonymous_4)
FN:124,(anonymous_5)
FN:15,(anonymous_6)
FNF:6
FNH:0
FNDA:0,(anonymous_1)
FNDA:0,(anonymous_2)
FNDA:0,(anonymous_3)
FNDA:0,(anonymous_4)
FNDA:0,(anonymous_5)
FNDA:0,(anonymous_6)
DA:11,0
DA:12,0
DA:13,0
DA:16,0
DA:17,0
DA:18,0
DA:22,0
DA:23,0
DA:25,0
DA:26,0
DA:27,0
DA:29,0
DA:30,0
DA:32,0
DA:33,0
DA:35,0
DA:42,0
DA:46,0
DA:58,0
DA:61,0
DA:62,0
DA:63,0
DA:67,0
DA:68,0
DA:69,0
DA:73,0
DA:74,0
DA:75,0
DA:79,0
DA:80,0
DA:84,0
DA:88,0
DA:90,0
DA:99,0
DA:100,0
DA:101,0
DA:104,0
DA:107,0
DA:110,0
DA:113,0
DA:115,0
DA:118,0
DA:121,0
DA:125,0
DA:126,0
DA:128,0
DA:129,0
DA:131,0
DA:133,0
LF:49
LH:0
BRDA:21,0,0,0
BRDA:27,1,0,0
BRDA:30,2,0,0
BRDA:48,3,0,0
BRDA:48,3,1,0
BRDA:48,4,0,0
BRDA:48,4,1,0
BRDA:48,5,0,0
BRDA:48,5,1,0
BRDA:50,6,0,0
BRDA:50,6,1,0
BRDA:61,7,0,0
BRDA:68,8,0,0
BRDA:73,9,0,0
BRDA:73,9,1,0
BRDA:74,10,0,0
BRDA:79,11,0,0
BRDA:84,12,0,0
BRDA:84,12,1,0
BRDA:99,13,0,0
BRDA:99,14,0,0
BRDA:99,14,1,0
BRDA:104,15,0,0
BRDA:107,16,0,0
BRDA:110,17,0,0
BRDA:113,18,0,0
BRF:26
BRH:0
end_of_record
TN:
SF:src/ml/utils/modelEncryption.ts
FN:12,(anonymous_1)
FN:19,(anonymous_2)
FN:30,(anonymous_3)
FN:35,(anonymous_4)
FN:43,(anonymous_5)
FN:50,(anonymous_6)
FN:58,(anonymous_7)
FN:63,(anonymous_8)
FN:69,(anonymous_9)
FN:74,(anonymous_10)
FN:7,(anonymous_11)
FNF:11
FNH:0
FNDA:0,(anonymous_1)
FNDA:0,(anonymous_2)
FNDA:0,(anonymous_3)
FNDA:0,(anonymous_4)
FNDA:0,(anonymous_5)
FNDA:0,(anonymous_6)
FNDA:0,(anonymous_7)
FNDA:0,(anonymous_8)
FNDA:0,(anonymous_9)
FNDA:0,(anonymous_10)
FNDA:0,(anonymous_11)
DA:5,0
DA:8,0
DA:13,0
DA:14,0
DA:15,0
DA:23,0
DA:24,0
DA:25,0
DA:26,0
DA:31,0
DA:32,0
DA:33,0
DA:34,0
DA:35,0
DA:37,0
DA:39,0
DA:47,0
DA:48,0
DA:49,0
DA:50,0
DA:51,0
DA:53,0
DA:59,0
DA:64,0
DA:65,0
DA:70,0
DA:75,0
DA:76,0
LF:28
LH:0
BRF:0
BRH:0
end_of_record
TN:
SF:src/security/analyzers/securityAnalyzer.ts
FN:45,(anonymous_2)
FN:167,(anonymous_3)
FN:180,(anonymous_4)
FN:202,(anonymous_5)
FN:249,(anonymous_6)
FN:262,(anonymous_7)
FN:39,(anonymous_8)
FNF:7
FNH:7
FNDA:7,(anonymous_2)
FNDA:6,(anonymous_3)
FNDA:7,(anonymous_4)
FNDA:2,(anonymous_5)
FNDA:2,(anonymous_6)
FNDA:3,(anonymous_7)
FNDA:14,(anonymous_8)
DA:2,3
DA:3,3
DA:4,3
DA:34,15
DA:35,14
DA:36,14
DA:37,14
DA:40,14
DA:41,14
DA:42,14
DA:46,7
DA:47,7
DA:48,7
DA:51,7
DA:52,1
DA:53,1
DA:54,1
DA:63,7
DA:64,7
DA:65,1
DA:66,1
DA:67,1
DA:76,7
DA:77,7
DA:78,1
DA:79,1
DA:80,1
DA:81,1
DA:82,1
DA:83,1
DA:91,6
DA:92,6
DA:93,6
DA:94,1
DA:95,1
DA:96,1
DA:108,7
DA:110,7
DA:111,5
DA:112,5
DA:115,5
DA:123,5
DA:125,5
DA:126,5
DA:127,5
DA:128,5
DA:136,5
DA:137,0
DA:138,0
DA:139,0
DA:148,6
DA:149,6
DA:155,6
DA:172,6
DA:173,1
DA:174,5
DA:175,2
DA:177,3
DA:181,7
DA:182,7
DA:185,6
DA:186,2
DA:187,2
DA:188,0
DA:192,3
DA:194,4
DA:195,4
DA:203,2
DA:206,2
DA:207,0
DA:216,2
DA:217,2
DA:218,0
DA:227,2
DA:228,2
DA:229,2
DA:237,2
DA:238,2
DA:246,2
DA:250,2
DA:252,2
DA:253,2
DA:254,2
DA:257,2
DA:258,2
DA:259,2
DA:262,3
DA:263,1
DA:264,1
DA:267,2
LF:90
LH:84
BRDA:51,0,0,1
BRDA:63,1,0,7
BRDA:63,1,1,0
BRDA:64,2,0,1
BRDA:77,3,0,1
BRDA:77,3,1,6
BRDA:79,4,0,1
BRDA:79,4,1,0
BRDA:80,5,0,1
BRDA:92,6,0,6
BRDA:92,6,1,3
BRDA:93,7,0,1
BRDA:110,8,0,5
BRDA:116,9,0,5
BRDA:116,9,1,0
BRDA:117,10,0,1
BRDA:117,10,1,4
BRDA:118,11,0,1
BRDA:118,11,1,4
BRDA:125,12,0,5
BRDA:136,13,0,0
BRDA:142,14,0,0
BRDA:142,14,1,0
BRDA:148,15,0,6
BRDA:148,15,1,6
BRDA:148,16,0,2
BRDA:148,16,1,4
BRDA:148,17,0,6
BRDA:148,17,1,6
BRDA:172,18,0,1
BRDA:172,18,1,5
BRDA:172,19,0,6
BRDA:172,19,1,6
BRDA:172,19,2,5
BRDA:174,20,0,2
BRDA:174,21,0,5
BRDA:174,21,1,4
BRDA:185,22,0,2
BRDA:187,23,0,0
BRDA:197,24,0,4
BRDA:197,24,1,0
BRDA:206,25,0,0
BRDA:216,26,0,2
BRDA:216,26,1,0
BRDA:217,27,0,0
BRDA:227,28,0,2
BRDA:232,29,0,0
BRDA:232,29,1,2
BRDA:233,30,0,0
BRDA:233,30,1,2
BRDA:241,31,0,2
BRDA:241,31,1,1
BRDA:242,32,0,1
BRDA:242,32,1,1
BRDA:252,33,0,2
BRDA:257,34,0,2
BRDA:262,35,0,1
BRF:57
BRH:44
end_of_record
TN:
SF:src/services/etherscan.ts
FN:34,(anonymous_3)
FN:71,(anonymous_4)
FN:93,(anonymous_5)
FN:112,(anonymous_6)
FN:27,(anonymous_7)
FNF:5
FNH:4
FNDA:6,(anonymous_3)
FNDA:2,(anonymous_4)
FNDA:3,(anonymous_5)
FNDA:0,(anonymous_6)
FNDA:22,(anonymous_7)
DA:1,4
DA:23,23
DA:24,22
DA:25,22
DA:28,22
DA:29,22
DA:35,6
DA:36,6
DA:45,6
DA:46,0
DA:47,0
DA:58,6
DA:63,0
DA:64,0
DA:72,2
DA:73,2
DA:82,2
DA:83,0
DA:86,2
DA:88,2
DA:89,2
DA:98,3
DA:99,3
DA:111,3
DA:112,0
DA:122,3
DA:124,0
DA:125,0
LF:28
LH:20
BRDA:45,0,0,0
BRDA:45,1,0,6
BRDA:45,1,1,0
BRDA:49,2,0,0
BRDA:49,2,1,0
BRDA:50,3,0,0
BRDA:50,3,1,0
BRDA:51,4,0,0
BRDA:51,4,1,0
BRDA:52,5,0,0
BRDA:52,5,1,0
BRDA:54,6,0,0
BRDA:54,6,1,0
BRDA:66,7,0,0
BRDA:66,7,1,0
BRDA:82,8,0,0
BRDA:95,9,0,3
BRDA:96,10,0,3
BRDA:111,11,0,0
BRDA:27,12,0,15
BRDA:27,13,0,15
BRDA:27,13,1,7
BRDA:27,14,0,22
BRDA:29,15,0,22
BRDA:29,15,1,0
BRF:25
BRH:8
end_of_record
TN:
SF:src/services/phishingDetector.ts
FN:33,(anonymous_3)
FN:98,(anonymous_4)
FN:107,(anonymous_5)
FN:129,(anonymous_6)
FN:26,(anonymous_7)
FNF:5
FNH:5
FNDA:13,(anonymous_3)
FNDA:2,(anonymous_4)
FNDA:2,(anonymous_5)
FNDA:2,(anonymous_6)
FNDA:28,(anonymous_7)
DA:1,5
DA:22,29
DA:23,28
DA:24,28
DA:27,28
DA:28,28
DA:34,13
DA:37,13
DA:38,13
DA:39,2
DA:43,11
DA:44,4
DA:49,4
DA:50,4
DA:53,7
DA:55,7
DA:56,0
DA:57,0
DA:58,0
DA:59,0
DA:63,0
DA:64,0
DA:65,0
DA:66,0
DA:67,0
DA:71,0
DA:72,0
DA:73,0
DA:74,0
DA:75,0
DA:79,0
DA:84,0
DA:85,0
DA:88,7
DA:93,7
DA:94,7
DA:99,2
DA:100,2
DA:108,2
DA:109,2
DA:110,2
DA:111,2
DA:112,2
DA:114,2
DA:115,2
DA:117,2
DA:118,2
DA:119,2
DA:120,2
DA:122,2
DA:130,2
DA:131,2
LF:52
LH:35
BRDA:38,0,0,2
BRDA:43,1,0,4
BRDA:57,2,0,0
BRDA:65,3,0,0
BRDA:73,4,0,0
BRDA:102,5,0,1
BRDA:102,5,1,1
BRDA:103,6,0,1
BRDA:103,6,1,1
BRDA:112,7,0,1
BRDA:112,7,1,1
BRDA:112,8,0,2
BRDA:112,8,1,2
BRDA:114,9,0,2
BRDA:114,9,1,0
BRDA:114,9,2,0
BRDA:117,10,0,2
BRDA:118,11,0,1
BRDA:119,12,0,1
BRDA:120,13,0,1
BRDA:125,14,0,2
BRDA:125,14,1,0
BRDA:133,15,0,1
BRDA:133,15,1,1
BRDA:134,16,0,1
BRDA:134,16,1,1
BRF:26
BRH:20
end_of_record
TN:
SF:src/tests/setup.ts
FN:40,(anonymous_4)
FN:41,(anonymous_5)
FN:38,(anonymous_6)
FN:32,(anonymous_7)
FN:33,(anonymous_8)
FN:34,(anonymous_9)
FN:35,(anonymous_10)
FN:48,(anonymous_11)
FN:55,(anonymous_12)
FN:58,(anonymous_13)
FN:61,(anonymous_14)
FN:64,(anonymous_15)
FN:67,(anonymous_16)
FN:88,(anonymous_17)
FN:91,(anonymous_18)
FN:92,(anonymous_19)
FN:93,(anonymous_20)
FN:94,(anonymous_21)
FN:102,(anonymous_22)
FN:103,(anonymous_23)
FN:108,(anonymous_24)
FN:127,(anonymous_25)
FNF:22
FNH:0
FNDA:0,(anonymous_4)
FNDA:0,(anonymous_5)
FNDA:0,(anonymous_6)
FNDA:0,(anonymous_7)
FNDA:0,(anonymous_8)
FNDA:0,(anonymous_9)
FNDA:0,(anonymous_10)
FNDA:0,(anonymous_11)
FNDA:0,(anonymous_12)
FNDA:0,(anonymous_13)
FNDA:0,(anonymous_14)
FNDA:0,(anonymous_15)
FNDA:0,(anonymous_16)
FNDA:0,(anonymous_17)
FNDA:0,(anonymous_18)
FNDA:0,(anonymous_19)
FNDA:0,(anonymous_20)
FNDA:0,(anonymous_21)
FNDA:0,(anonymous_22)
FNDA:0,(anonymous_23)
FNDA:0,(anonymous_24)
FNDA:0,(anonymous_25)
DA:1,2
DA:2,2
DA:6,2
DA:7,2
DA:10,2
DA:22,2
DA:32,0
DA:33,0
DA:34,0
DA:35,0
DA:36,0
DA:44,2
DA:47,2
DA:49,0
DA:50,0
DA:52,0
DA:56,0
DA:59,0
DA:62,0
DA:65,0
DA:68,0
DA:73,2
DA:76,2
DA:85,2
DA:88,2
DA:89,0
DA:91,0
DA:92,0
DA:93,0
DA:94,0
DA:102,2
DA:103,2
DA:105,2
DA:108,0
DA:127,2
DA:129,2
DA:132,2
DA:135,2
DA:136,2
DA:139,13
LF:40
LH:21
BRF:0
BRH:0
end_of_record
TN:
SF:src/ui/components/SecurityReport.tsx
FN:9,(anonymous_0)
FN:24,(anonymous_1)
FN:55,(anonymous_2)
FN:80,(anonymous_3)
FN:122,(anonymous_4)
FN:170,(anonymous_5)
FNF:6
FNH:0
FNDA:0,(anonymous_0)
FNDA:0,(anonymous_1)
FNDA:0,(anonymous_2)
FNDA:0,(anonymous_3)
FNDA:0,(anonymous_4)
FNDA:0,(anonymous_5)
DA:9,0
DA:10,0
DA:12,0
DA:14,0
DA:16,0
DA:18,0
DA:20,0
DA:24,0
DA:25,0
DA:27,0
DA:56,0
DA:81,0
DA:123,0
DA:171,0
LF:14
LH:0
BRDA:10,0,0,0
BRDA:10,0,1,0
BRDA:10,0,2,0
BRDA:10,0,3,0
BRDA:10,0,4,0
BRDA:97,1,0,0
BRDA:97,1,1,0
BRDA:137,2,0,0
BRDA:137,2,1,0
BRDA:160,3,0,0
BRDA:160,3,1,0
BRDA:160,3,2,0
BRDA:184,4,0,0
BRDA:184,4,1,0
BRDA:187,5,0,0
BRDA:187,5,1,0
BRDA:189,6,0,0
BRDA:189,6,1,0
BRF:18
BRH:0
end_of_record
TN:
SF:src/ui/styles/theme.ts
FNF:0
FNH:0
DA:1,0
DA:33,0
DA:41,0
DA:68,0
DA:74,0
DA:81,0
DA:87,0
LF:7
LH:0
BRF:0
BRH:0
end_of_record
